<?xml version="1.0" encoding="UTF-8"?>
<!-- Generated by org.testng.reporters.JUnitXMLReporter -->
<testsuite ignored="0" hostname="DESKTOP-JVBFKIC" failures="0" tests="4" name="Test" time="11.818" errors="0" timestamp="2024-07-19T22:34:34 IST">
  <testcase classname="day5.createuser" name="testcreateuser" time="7.149"/>
  <testcase classname="day5.getuser" name="testgetuser" time="1.062"/>
  <testcase classname="day5.updateuser" name="testupdateuser" time="1.673"/>
  <testcase classname="day5.deleteuser" name="tesdeleteuser" time="1.747"/>
</testsuite> <!-- Test -->
